Using pre-set license
Built from '2020.3/staging' branch; Version is '2020.3.6f1 (338bb68529b2) revision 3378102'; Using compiler version '192528614'; Build Type 'Release'
OS: 'Windows 10 Home Single Language; OS build 19042.1288; Version 2009; 64bit' Language: 'ru' Physical Memory: 8128 MB
BatchMode: 1, IsHumanControllingUs: 0, StartBugReporterOnCrash: 0, Is64bit: 1, IsPro: 0

 COMMAND LINE ARGUMENTS:
C:\Program Files\Unity\Hub\Editor\2020.3.6f1\Editor\Unity.exe
-adb2
-batchMode
-noUpm
-name
AssetImportWorker2
-projectPath
D:/Progs/Unity/TypeOrLose
-logFile
Logs/AssetImportWorker2.log
-srvPort
54986
Successfully changed project path to: D:/Progs/Unity/TypeOrLose
D:/Progs/Unity/TypeOrLose
Using Asset Import Pipeline V2.
Refreshing native plugins compatible for Editor in 38.34 ms, found 0 plugins.
Preloading 0 native plugins for Editor in 0.00 ms.
Initialize engine version: 2020.3.6f1 (338bb68529b2)
[Subsystems] Discovering subsystems at path C:/Program Files/Unity/Hub/Editor/2020.3.6f1/Editor/Data/Resources/UnitySubsystems
[Subsystems] Discovering subsystems at path D:/Progs/Unity/TypeOrLose/Assets
GfxDevice: creating device client; threaded=0
Direct3D:
    Version:  Direct3D 11.0 [level 11.1]
    Renderer: Radeon RX 580 Series (ID=0x67df)
    Vendor:   
    VRAM:     4075 MB
    Driver:   27.20.1034.6
Initialize mono
Mono path[0] = 'C:/Program Files/Unity/Hub/Editor/2020.3.6f1/Editor/Data/Managed'
Mono path[1] = 'C:/Program Files/Unity/Hub/Editor/2020.3.6f1/Editor/Data/MonoBleedingEdge/lib/mono/unityjit'
Mono config path = 'C:/Program Files/Unity/Hub/Editor/2020.3.6f1/Editor/Data/MonoBleedingEdge/etc'
Using monoOptions --debugger-agent=transport=dt_socket,embedding=1,server=y,suspend=n,address=127.0.0.1:56444
Begin MonoManager ReloadAssembly
Registering precompiled unity dll's ...
Register platform support module: C:/Program Files/Unity/Hub/Editor/2020.3.6f1/Editor/Data/PlaybackEngines/WebGLSupport/UnityEditor.WebGL.Extensions.dll
Register platform support module: C:/Program Files/Unity/Hub/Editor/2020.3.6f1/Editor/Data/PlaybackEngines/WindowsStandaloneSupport/UnityEditor.WindowsStandalone.Extensions.dll
Registered in 0.003463 seconds.
Native extension for WindowsStandalone target not found
Native extension for WebGL target not found
Refreshing native plugins compatible for Editor in 38.37 ms, found 0 plugins.
Preloading 0 native plugins for Editor in 0.00 ms.
Mono: successfully reloaded assembly
- Completed reload, in  3.462 seconds
Platform modules already initialized, skipping
Registering precompiled user dll's ...
Registered in 0.094271 seconds.
Begin MonoManager ReloadAssembly
Native extension for WindowsStandalone target not found
Native extension for WebGL target not found
Refreshing native plugins compatible for Editor in 0.47 ms, found 0 plugins.
Preloading 0 native plugins for Editor in 0.00 ms.
Mono: successfully reloaded assembly
- Completed reload, in  1.176 seconds
Platform modules already initialized, skipping
========================================================================
Worker process is ready to serve import requests
Launched and connected shader compiler UnityShaderCompiler.exe after 0.12 seconds
Refreshing native plugins compatible for Editor in 0.55 ms, found 0 plugins.
Preloading 0 native plugins for Editor in 0.00 ms.
Unloading 1538 Unused Serialized files (Serialized files now loaded: 0)
System memory in use before: 71.9 MB.
System memory in use after: 72.0 MB.

Unloading 17 unused Assets to reduce memory usage. Loaded Objects now: 1976.
Total: 2.380500 ms (FindLiveObjects: 0.285100 ms CreateObjectMapping: 0.059500 ms MarkObjects: 1.909800 ms  DeleteObjects: 0.124200 ms)

========================================================================
Received Prepare
Registering precompiled user dll's ...
Registered in 0.002175 seconds.
Begin MonoManager ReloadAssembly
Native extension for WindowsStandalone target not found
Native extension for WebGL target not found
Refreshing native plugins compatible for Editor in 0.39 ms, found 0 plugins.
Preloading 0 native plugins for Editor in 0.00 ms.
Mono: successfully reloaded assembly
- Completed reload, in  1.048 seconds
Platform modules already initialized, skipping
Refreshing native plugins compatible for Editor in 0.38 ms, found 0 plugins.
Preloading 0 native plugins for Editor in 0.00 ms.
Unloading 1530 Unused Serialized files (Serialized files now loaded: 0)
System memory in use before: 71.6 MB.
System memory in use after: 71.7 MB.

Unloading 11 unused Assets to reduce memory usage. Loaded Objects now: 1980.
Total: 2.328900 ms (FindLiveObjects: 0.229300 ms CreateObjectMapping: 0.054200 ms MarkObjects: 1.972800 ms  DeleteObjects: 0.070700 ms)

========================================================================
Received Import Request.
  path: Assets/Scripts/UI/CapsLockHint.cs
  artifactKey: Guid(47d52b7c5fba9ff449248741118c3baa) Importer(815301076,1909f56bfc062723c751e8b465ee728b)
Start importing Assets/Scripts/UI/CapsLockHint.cs using Guid(47d52b7c5fba9ff449248741118c3baa) Importer(815301076,1909f56bfc062723c751e8b465ee728b)  -> (artifact id: 'd20c2996cac248aebec2480285c54865') in 0.043127 seconds
  Import took 0.231344 seconds .

========================================================================
Received Import Request.
  Time since last request: 45.457240 seconds.
  path: Assets/Scripts/UI/CapsLockHint.cs
  artifactKey: Guid(47d52b7c5fba9ff449248741118c3baa) Importer(815301076,1909f56bfc062723c751e8b465ee728b)
Start importing Assets/Scripts/UI/CapsLockHint.cs using Guid(47d52b7c5fba9ff449248741118c3baa) Importer(815301076,1909f56bfc062723c751e8b465ee728b)  -> (artifact id: '05d86bbded6fe619018f49304d57c3d4') in 0.004487 seconds
  Import took 0.007950 seconds .

========================================================================
Received Import Request.
  Time since last request: 0.000543 seconds.
  path: Assets/Scripts/UI/CapsLockHint.cs
  artifactKey: Guid(47d52b7c5fba9ff449248741118c3baa) Importer(815301076,1909f56bfc062723c751e8b465ee728b)
Start importing Assets/Scripts/UI/CapsLockHint.cs using Guid(47d52b7c5fba9ff449248741118c3baa) Importer(815301076,1909f56bfc062723c751e8b465ee728b)  -> (artifact id: '05d86bbded6fe619018f49304d57c3d4') in 0.003470 seconds
  Import took 0.007098 seconds .

========================================================================
Received Prepare
Registering precompiled user dll's ...
Registered in 0.002229 seconds.
Begin MonoManager ReloadAssembly
Native extension for WindowsStandalone target not found
Native extension for WebGL target not found
Refreshing native plugins compatible for Editor in 0.39 ms, found 0 plugins.
Preloading 0 native plugins for Editor in 0.00 ms.
Mono: successfully reloaded assembly
- Completed reload, in  1.080 seconds
Platform modules already initialized, skipping
Refreshing native plugins compatible for Editor in 0.39 ms, found 0 plugins.
Preloading 0 native plugins for Editor in 0.00 ms.
Unloading 1530 Unused Serialized files (Serialized files now loaded: 0)
System memory in use before: 71.7 MB.
System memory in use after: 71.7 MB.

Unloading 11 unused Assets to reduce memory usage. Loaded Objects now: 1984.
Total: 2.573200 ms (FindLiveObjects: 0.437000 ms CreateObjectMapping: 0.047200 ms MarkObjects: 2.000400 ms  DeleteObjects: 0.084600 ms)

========================================================================
Received Import Request.
  Time since last request: 38.635786 seconds.
  path: Assets/Scripts/UI/CapsLockHint.cs
  artifactKey: Guid(47d52b7c5fba9ff449248741118c3baa) Importer(815301076,1909f56bfc062723c751e8b465ee728b)
Start importing Assets/Scripts/UI/CapsLockHint.cs using Guid(47d52b7c5fba9ff449248741118c3baa) Importer(815301076,1909f56bfc062723c751e8b465ee728b)  -> (artifact id: 'a4bfecf682f1db2991a2587804136383') in 0.008176 seconds
  Import took 0.011633 seconds .

========================================================================
Received Import Request.
  Time since last request: 0.059732 seconds.
  path: Assets/Scripts/UI/CapsLockHint.cs
  artifactKey: Guid(47d52b7c5fba9ff449248741118c3baa) Importer(815301076,1909f56bfc062723c751e8b465ee728b)
Start importing Assets/Scripts/UI/CapsLockHint.cs using Guid(47d52b7c5fba9ff449248741118c3baa) Importer(815301076,1909f56bfc062723c751e8b465ee728b)  -> (artifact id: 'a4bfecf682f1db2991a2587804136383') in 0.006303 seconds
  Import took 0.010318 seconds .

========================================================================
Received Prepare
Registering precompiled user dll's ...
Registered in 0.002309 seconds.
Begin MonoManager ReloadAssembly
Native extension for WindowsStandalone target not found
Native extension for WebGL target not found
Refreshing native plugins compatible for Editor in 0.39 ms, found 0 plugins.
Preloading 0 native plugins for Editor in 0.00 ms.
Mono: successfully reloaded assembly
- Completed reload, in  1.053 seconds
Platform modules already initialized, skipping
Refreshing native plugins compatible for Editor in 0.39 ms, found 0 plugins.
Preloading 0 native plugins for Editor in 0.00 ms.
Unloading 1530 Unused Serialized files (Serialized files now loaded: 0)
System memory in use before: 71.7 MB.
System memory in use after: 71.8 MB.

Unloading 11 unused Assets to reduce memory usage. Loaded Objects now: 1988.
Total: 2.338100 ms (FindLiveObjects: 0.250900 ms CreateObjectMapping: 0.045300 ms MarkObjects: 1.968300 ms  DeleteObjects: 0.072000 ms)

========================================================================
Received Import Request.
  Time since last request: 28.364850 seconds.
  path: Assets/Scripts/UI/CapsLockHint.cs
  artifactKey: Guid(47d52b7c5fba9ff449248741118c3baa) Importer(815301076,1909f56bfc062723c751e8b465ee728b)
Start importing Assets/Scripts/UI/CapsLockHint.cs using Guid(47d52b7c5fba9ff449248741118c3baa) Importer(815301076,1909f56bfc062723c751e8b465ee728b)  -> (artifact id: '035a9e9ef2c912248b4a974e82841c38') in 0.007730 seconds
  Import took 0.012296 seconds .

========================================================================
Received Import Request.
  Time since last request: 0.051549 seconds.
  path: Assets/Scripts/UI/CapsLockHint.cs
  artifactKey: Guid(47d52b7c5fba9ff449248741118c3baa) Importer(815301076,1909f56bfc062723c751e8b465ee728b)
Start importing Assets/Scripts/UI/CapsLockHint.cs using Guid(47d52b7c5fba9ff449248741118c3baa) Importer(815301076,1909f56bfc062723c751e8b465ee728b)  -> (artifact id: '035a9e9ef2c912248b4a974e82841c38') in 0.006433 seconds
  Import took 0.010906 seconds .

========================================================================
Received Prepare
Registering precompiled user dll's ...
Registered in 0.002196 seconds.
Begin MonoManager ReloadAssembly
Native extension for WindowsStandalone target not found
Native extension for WebGL target not found
Refreshing native plugins compatible for Editor in 0.56 ms, found 0 plugins.
Preloading 0 native plugins for Editor in 0.00 ms.
Mono: successfully reloaded assembly
- Completed reload, in  1.131 seconds
Platform modules already initialized, skipping
Refreshing native plugins compatible for Editor in 0.57 ms, found 0 plugins.
Preloading 0 native plugins for Editor in 0.00 ms.
Unloading 1530 Unused Serialized files (Serialized files now loaded: 0)
System memory in use before: 71.7 MB.
System memory in use after: 71.8 MB.

Unloading 11 unused Assets to reduce memory usage. Loaded Objects now: 1992.
Total: 2.983600 ms (FindLiveObjects: 0.429700 ms CreateObjectMapping: 0.050600 ms MarkObjects: 2.396700 ms  DeleteObjects: 0.101200 ms)

========================================================================
Received Import Request.
  Time since last request: 5.402860 seconds.
  path: Assets/Scripts/UI/CapsLockHint.cs
  artifactKey: Guid(47d52b7c5fba9ff449248741118c3baa) Importer(815301076,1909f56bfc062723c751e8b465ee728b)
Start importing Assets/Scripts/UI/CapsLockHint.cs using Guid(47d52b7c5fba9ff449248741118c3baa) Importer(815301076,1909f56bfc062723c751e8b465ee728b)  -> (artifact id: '451c1b0a6072b3a3de08fa810d217b48') in 0.006591 seconds
  Import took 0.010067 seconds .

========================================================================
Received Prepare
Registering precompiled user dll's ...
Registered in 0.002245 seconds.
Begin MonoManager ReloadAssembly
Native extension for WindowsStandalone target not found
Native extension for WebGL target not found
Refreshing native plugins compatible for Editor in 0.42 ms, found 0 plugins.
Preloading 0 native plugins for Editor in 0.00 ms.
Mono: successfully reloaded assembly
- Completed reload, in  1.083 seconds
Platform modules already initialized, skipping
Refreshing native plugins compatible for Editor in 0.38 ms, found 0 plugins.
Preloading 0 native plugins for Editor in 0.00 ms.
Unloading 1530 Unused Serialized files (Serialized files now loaded: 0)
System memory in use before: 71.7 MB.
System memory in use after: 71.8 MB.

Unloading 11 unused Assets to reduce memory usage. Loaded Objects now: 1996.
Total: 2.481500 ms (FindLiveObjects: 0.315900 ms CreateObjectMapping: 0.047500 ms MarkObjects: 2.044800 ms  DeleteObjects: 0.071600 ms)

========================================================================
Received Import Request.
  Time since last request: 38.245561 seconds.
  path: Assets/Scripts/UI/CapsLockHint.cs
  artifactKey: Guid(47d52b7c5fba9ff449248741118c3baa) Importer(815301076,1909f56bfc062723c751e8b465ee728b)
Start importing Assets/Scripts/UI/CapsLockHint.cs using Guid(47d52b7c5fba9ff449248741118c3baa) Importer(815301076,1909f56bfc062723c751e8b465ee728b)  -> (artifact id: '79154e26c50f7e5d0753190382a746e4') in 0.007243 seconds
  Import took 0.148046 seconds .

========================================================================
Received Import Request.
  Time since last request: 5.282633 seconds.
  path: Assets/Scripts/UI/CapsLockHint.cs
  artifactKey: Guid(47d52b7c5fba9ff449248741118c3baa) Importer(815301076,1909f56bfc062723c751e8b465ee728b)
Start importing Assets/Scripts/UI/CapsLockHint.cs using Guid(47d52b7c5fba9ff449248741118c3baa) Importer(815301076,1909f56bfc062723c751e8b465ee728b)  -> (artifact id: '967f54d2a3fb3b38a2e2f7f95d031c56') in 0.003594 seconds
  Import took 0.041052 seconds .

========================================================================
Received Prepare
Registering precompiled user dll's ...
Registered in 0.020485 seconds.
Begin MonoManager ReloadAssembly
Native extension for WindowsStandalone target not found
Native extension for WebGL target not found
Refreshing native plugins compatible for Editor in 0.40 ms, found 0 plugins.
Preloading 0 native plugins for Editor in 0.00 ms.
Mono: successfully reloaded assembly
- Completed reload, in  1.038 seconds
Platform modules already initialized, skipping
Refreshing native plugins compatible for Editor in 0.43 ms, found 0 plugins.
Preloading 0 native plugins for Editor in 0.00 ms.
Unloading 1530 Unused Serialized files (Serialized files now loaded: 0)
System memory in use before: 71.7 MB.
System memory in use after: 71.8 MB.

Unloading 11 unused Assets to reduce memory usage. Loaded Objects now: 2000.
Total: 3.109300 ms (FindLiveObjects: 0.507900 ms CreateObjectMapping: 0.064000 ms MarkObjects: 2.458600 ms  DeleteObjects: 0.075900 ms)

========================================================================
Received Import Request.
  Time since last request: 37.599894 seconds.
  path: Assets/Scripts/UI/CapsLockHint.cs
  artifactKey: Guid(47d52b7c5fba9ff449248741118c3baa) Importer(815301076,1909f56bfc062723c751e8b465ee728b)
Start importing Assets/Scripts/UI/CapsLockHint.cs using Guid(47d52b7c5fba9ff449248741118c3baa) Importer(815301076,1909f56bfc062723c751e8b465ee728b)  -> (artifact id: 'b39e5fee26b2c10c706812b5e212757f') in 0.009247 seconds
  Import took 0.100332 seconds .

========================================================================
Received Prepare
Registering precompiled user dll's ...
Registered in 0.002159 seconds.
Begin MonoManager ReloadAssembly
Native extension for WindowsStandalone target not found
Native extension for WebGL target not found
Refreshing native plugins compatible for Editor in 0.38 ms, found 0 plugins.
Preloading 0 native plugins for Editor in 0.00 ms.
Mono: successfully reloaded assembly
- Completed reload, in  1.053 seconds
Platform modules already initialized, skipping
Refreshing native plugins compatible for Editor in 0.39 ms, found 0 plugins.
Preloading 0 native plugins for Editor in 0.00 ms.
Unloading 1530 Unused Serialized files (Serialized files now loaded: 0)
System memory in use before: 71.7 MB.
System memory in use after: 71.8 MB.

Unloading 11 unused Assets to reduce memory usage. Loaded Objects now: 2004.
Total: 2.254700 ms (FindLiveObjects: 0.267600 ms CreateObjectMapping: 0.044800 ms MarkObjects: 1.873000 ms  DeleteObjects: 0.067100 ms)

========================================================================
Received Import Request.
  Time since last request: 190.849438 seconds.
  path: Assets/Scripts/UI/CapsLockHint.cs
  artifactKey: Guid(47d52b7c5fba9ff449248741118c3baa) Importer(815301076,1909f56bfc062723c751e8b465ee728b)
Start importing Assets/Scripts/UI/CapsLockHint.cs using Guid(47d52b7c5fba9ff449248741118c3baa) Importer(815301076,1909f56bfc062723c751e8b465ee728b)  -> (artifact id: '001c91f49313710df25b23aba3fd3e4e') in 0.008066 seconds
  Import took 0.070337 seconds .

========================================================================
Received Import Request.
  Time since last request: 0.007293 seconds.
  path: Assets/Scripts/UI/CapsLockHint.cs
  artifactKey: Guid(47d52b7c5fba9ff449248741118c3baa) Importer(815301076,1909f56bfc062723c751e8b465ee728b)
Start importing Assets/Scripts/UI/CapsLockHint.cs using Guid(47d52b7c5fba9ff449248741118c3baa) Importer(815301076,1909f56bfc062723c751e8b465ee728b)  -> (artifact id: '001c91f49313710df25b23aba3fd3e4e') in 0.003906 seconds
  Import took 0.042442 seconds .

========================================================================
Received Prepare
Registering precompiled user dll's ...
Registered in 0.002559 seconds.
Begin MonoManager ReloadAssembly
Native extension for WindowsStandalone target not found
Native extension for WebGL target not found
Refreshing native plugins compatible for Editor in 0.39 ms, found 0 plugins.
Preloading 0 native plugins for Editor in 0.00 ms.
Mono: successfully reloaded assembly
- Completed reload, in  1.100 seconds
Platform modules already initialized, skipping
Refreshing native plugins compatible for Editor in 0.50 ms, found 0 plugins.
Preloading 0 native plugins for Editor in 0.00 ms.
Unloading 1530 Unused Serialized files (Serialized files now loaded: 0)
System memory in use before: 71.7 MB.
System memory in use after: 71.8 MB.

Unloading 11 unused Assets to reduce memory usage. Loaded Objects now: 2008.
Total: 2.442000 ms (FindLiveObjects: 0.299600 ms CreateObjectMapping: 0.046600 ms MarkObjects: 2.012400 ms  DeleteObjects: 0.081600 ms)

========================================================================
Received Import Request.
  Time since last request: 5.487706 seconds.
  path: Assets/Scripts/UI/CapsLockHint.cs
  artifactKey: Guid(47d52b7c5fba9ff449248741118c3baa) Importer(815301076,1909f56bfc062723c751e8b465ee728b)
Start importing Assets/Scripts/UI/CapsLockHint.cs using Guid(47d52b7c5fba9ff449248741118c3baa) Importer(815301076,1909f56bfc062723c751e8b465ee728b)  -> (artifact id: 'ab385d825dc6347ccc42c18da6cf9398') in 0.007075 seconds
  Import took 0.078911 seconds .

========================================================================
Received Prepare
Registering precompiled user dll's ...
Registered in 0.002165 seconds.
Begin MonoManager ReloadAssembly
Native extension for WindowsStandalone target not found
Native extension for WebGL target not found
Refreshing native plugins compatible for Editor in 0.38 ms, found 0 plugins.
Preloading 0 native plugins for Editor in 0.00 ms.
Mono: successfully reloaded assembly
- Completed reload, in  1.042 seconds
Platform modules already initialized, skipping
Refreshing native plugins compatible for Editor in 0.87 ms, found 0 plugins.
Preloading 0 native plugins for Editor in 0.00 ms.
Unloading 1530 Unused Serialized files (Serialized files now loaded: 0)
System memory in use before: 71.7 MB.
System memory in use after: 71.8 MB.

Unloading 11 unused Assets to reduce memory usage. Loaded Objects now: 2012.
Total: 2.826700 ms (FindLiveObjects: 0.443200 ms CreateObjectMapping: 0.070000 ms MarkObjects: 2.227300 ms  DeleteObjects: 0.084600 ms)

========================================================================
Received Import Request.
  Time since last request: 11.945197 seconds.
  path: Assets/Scenes/RaceScene.unity
  artifactKey: Guid(2b62bcac4bf0ae14885addad39af499b) Importer(815301076,1909f56bfc062723c751e8b465ee728b)
Start importing Assets/Scenes/RaceScene.unity using Guid(2b62bcac4bf0ae14885addad39af499b) Importer(815301076,1909f56bfc062723c751e8b465ee728b)  -> (artifact id: 'cf8744b5cedbe3ecad2d13331edb4dba') in 0.024071 seconds
  Import took 0.170501 seconds .

========================================================================
Received Import Request.
  Time since last request: 247.486834 seconds.
  path: Assets/Scenes/RaceScene.unity
  artifactKey: Guid(2b62bcac4bf0ae14885addad39af499b) Importer(815301076,1909f56bfc062723c751e8b465ee728b)
Start importing Assets/Scenes/RaceScene.unity using Guid(2b62bcac4bf0ae14885addad39af499b) Importer(815301076,1909f56bfc062723c751e8b465ee728b)  -> (artifact id: '5f5cb575613a2e04d7454b6b491131f6') in 0.003591 seconds
  Import took 0.136799 seconds .

========================================================================
Received Prepare
Registering precompiled user dll's ...
Registered in 0.002191 seconds.
Begin MonoManager ReloadAssembly
Native extension for WindowsStandalone target not found
Native extension for WebGL target not found
Refreshing native plugins compatible for Editor in 0.49 ms, found 0 plugins.
Preloading 0 native plugins for Editor in 0.00 ms.
Mono: successfully reloaded assembly
- Completed reload, in  1.046 seconds
Platform modules already initialized, skipping
Refreshing native plugins compatible for Editor in 0.42 ms, found 0 plugins.
Preloading 0 native plugins for Editor in 0.00 ms.
Unloading 1530 Unused Serialized files (Serialized files now loaded: 0)
System memory in use before: 71.8 MB.
System memory in use after: 71.9 MB.

Unloading 11 unused Assets to reduce memory usage. Loaded Objects now: 2016.
Total: 2.548800 ms (FindLiveObjects: 0.307100 ms CreateObjectMapping: 0.047200 ms MarkObjects: 2.113900 ms  DeleteObjects: 0.078500 ms)

========================================================================
Received Prepare
Registering precompiled user dll's ...
Registered in 0.003193 seconds.
Begin MonoManager ReloadAssembly
Native extension for WindowsStandalone target not found
Native extension for WebGL target not found
Refreshing native plugins compatible for Editor in 0.45 ms, found 0 plugins.
Preloading 0 native plugins for Editor in 0.00 ms.
Mono: successfully reloaded assembly
- Completed reload, in  1.094 seconds
Platform modules already initialized, skipping
Refreshing native plugins compatible for Editor in 0.82 ms, found 0 plugins.
Preloading 0 native plugins for Editor in 0.00 ms.
Unloading 1530 Unused Serialized files (Serialized files now loaded: 0)
System memory in use before: 71.8 MB.
System memory in use after: 71.9 MB.

Unloading 11 unused Assets to reduce memory usage. Loaded Objects now: 2020.
Total: 2.620600 ms (FindLiveObjects: 0.254100 ms CreateObjectMapping: 0.044900 ms MarkObjects: 2.152000 ms  DeleteObjects: 0.167300 ms)

========================================================================
Received Import Request.
  Time since last request: 130.095677 seconds.
  path: Assets/Scenes/RaceScene.unity
  artifactKey: Guid(2b62bcac4bf0ae14885addad39af499b) Importer(815301076,1909f56bfc062723c751e8b465ee728b)
Start importing Assets/Scenes/RaceScene.unity using Guid(2b62bcac4bf0ae14885addad39af499b) Importer(815301076,1909f56bfc062723c751e8b465ee728b)  -> (artifact id: '1c0b65b3d16f2c27551405eb370f847f') in 0.021904 seconds
  Import took 0.173221 seconds .

========================================================================
Received Prepare
Registering precompiled user dll's ...
Registered in 0.002316 seconds.
Begin MonoManager ReloadAssembly
Native extension for WindowsStandalone target not found
Native extension for WebGL target not found
Refreshing native plugins compatible for Editor in 1.03 ms, found 0 plugins.
Preloading 0 native plugins for Editor in 0.00 ms.
Mono: successfully reloaded assembly
- Completed reload, in  1.152 seconds
Platform modules already initialized, skipping
Refreshing native plugins compatible for Editor in 0.38 ms, found 0 plugins.
Preloading 0 native plugins for Editor in 0.00 ms.
Unloading 1530 Unused Serialized files (Serialized files now loaded: 0)
System memory in use before: 71.8 MB.
System memory in use after: 71.9 MB.

Unloading 11 unused Assets to reduce memory usage. Loaded Objects now: 2024.
Total: 2.939600 ms (FindLiveObjects: 0.431600 ms CreateObjectMapping: 0.060300 ms MarkObjects: 2.369200 ms  DeleteObjects: 0.076000 ms)

========================================================================
Received Prepare
Registering precompiled user dll's ...
Registered in 0.002122 seconds.
Begin MonoManager ReloadAssembly
Native extension for WindowsStandalone target not found
Native extension for WebGL target not found
Refreshing native plugins compatible for Editor in 0.50 ms, found 0 plugins.
Preloading 0 native plugins for Editor in 0.00 ms.
Mono: successfully reloaded assembly
- Completed reload, in  1.067 seconds
Platform modules already initialized, skipping
Refreshing native plugins compatible for Editor in 0.38 ms, found 0 plugins.
Preloading 0 native plugins for Editor in 0.00 ms.
Unloading 1530 Unused Serialized files (Serialized files now loaded: 0)
System memory in use before: 71.8 MB.
System memory in use after: 71.9 MB.

Unloading 11 unused Assets to reduce memory usage. Loaded Objects now: 2028.
Total: 2.529500 ms (FindLiveObjects: 0.361400 ms CreateObjectMapping: 0.051300 ms MarkObjects: 2.036600 ms  DeleteObjects: 0.077900 ms)

========================================================================
Received Prepare
Registering precompiled user dll's ...
Registered in 0.002118 seconds.
Begin MonoManager ReloadAssembly
Native extension for WindowsStandalone target not found
Native extension for WebGL target not found
Refreshing native plugins compatible for Editor in 0.41 ms, found 0 plugins.
Preloading 0 native plugins for Editor in 0.00 ms.
Mono: successfully reloaded assembly
- Completed reload, in  1.052 seconds
Platform modules already initialized, skipping
Refreshing native plugins compatible for Editor in 0.47 ms, found 0 plugins.
Preloading 0 native plugins for Editor in 0.00 ms.
Unloading 1530 Unused Serialized files (Serialized files now loaded: 0)
System memory in use before: 71.8 MB.
System memory in use after: 71.9 MB.

Unloading 11 unused Assets to reduce memory usage. Loaded Objects now: 2032.
Total: 2.817300 ms (FindLiveObjects: 0.355300 ms CreateObjectMapping: 0.044700 ms MarkObjects: 2.313800 ms  DeleteObjects: 0.102000 ms)

========================================================================
Received Prepare
Registering precompiled user dll's ...
Registered in 0.002262 seconds.
Begin MonoManager ReloadAssembly
Native extension for WindowsStandalone target not found
Native extension for WebGL target not found
Refreshing native plugins compatible for Editor in 0.83 ms, found 0 plugins.
Preloading 0 native plugins for Editor in 0.00 ms.
Mono: successfully reloaded assembly
- Completed reload, in  1.146 seconds
Platform modules already initialized, skipping
Refreshing native plugins compatible for Editor in 0.38 ms, found 0 plugins.
Preloading 0 native plugins for Editor in 0.00 ms.
Unloading 1530 Unused Serialized files (Serialized files now loaded: 0)
System memory in use before: 71.8 MB.
System memory in use after: 71.9 MB.

Unloading 11 unused Assets to reduce memory usage. Loaded Objects now: 2036.
Total: 2.804100 ms (FindLiveObjects: 0.227400 ms CreateObjectMapping: 0.054400 ms MarkObjects: 2.429500 ms  DeleteObjects: 0.090900 ms)

========================================================================
Received Prepare
Registering precompiled user dll's ...
Registered in 0.002131 seconds.
Begin MonoManager ReloadAssembly
Native extension for WindowsStandalone target not found
Native extension for WebGL target not found
Refreshing native plugins compatible for Editor in 0.60 ms, found 0 plugins.
Preloading 0 native plugins for Editor in 0.00 ms.
Mono: successfully reloaded assembly
- Completed reload, in  1.074 seconds
Platform modules already initialized, skipping
Refreshing native plugins compatible for Editor in 0.38 ms, found 0 plugins.
Preloading 0 native plugins for Editor in 0.00 ms.
Unloading 1530 Unused Serialized files (Serialized files now loaded: 0)
System memory in use before: 71.8 MB.
System memory in use after: 71.9 MB.

Unloading 11 unused Assets to reduce memory usage. Loaded Objects now: 2040.
Total: 2.219600 ms (FindLiveObjects: 0.271700 ms CreateObjectMapping: 0.045700 ms MarkObjects: 1.835500 ms  DeleteObjects: 0.065100 ms)

========================================================================
Received Prepare
Registering precompiled user dll's ...
Registered in 0.002265 seconds.
Begin MonoManager ReloadAssembly
Native extension for WindowsStandalone target not found
Native extension for WebGL target not found
Refreshing native plugins compatible for Editor in 0.39 ms, found 0 plugins.
Preloading 0 native plugins for Editor in 0.00 ms.
Mono: successfully reloaded assembly
- Completed reload, in  1.033 seconds
Platform modules already initialized, skipping
Refreshing native plugins compatible for Editor in 0.39 ms, found 0 plugins.
Preloading 0 native plugins for Editor in 0.00 ms.
Unloading 1530 Unused Serialized files (Serialized files now loaded: 0)
System memory in use before: 71.8 MB.
System memory in use after: 71.9 MB.

Unloading 11 unused Assets to reduce memory usage. Loaded Objects now: 2044.
Total: 2.299200 ms (FindLiveObjects: 0.285400 ms CreateObjectMapping: 0.051400 ms MarkObjects: 1.891800 ms  DeleteObjects: 0.068500 ms)

========================================================================
Received Prepare
Registering precompiled user dll's ...
Registered in 0.002202 seconds.
Begin MonoManager ReloadAssembly
Native extension for WindowsStandalone target not found
Native extension for WebGL target not found
Refreshing native plugins compatible for Editor in 0.67 ms, found 0 plugins.
Preloading 0 native plugins for Editor in 0.00 ms.
Mono: successfully reloaded assembly
- Completed reload, in  1.078 seconds
Platform modules already initialized, skipping
Refreshing native plugins compatible for Editor in 0.48 ms, found 0 plugins.
Preloading 0 native plugins for Editor in 0.00 ms.
Unloading 1530 Unused Serialized files (Serialized files now loaded: 0)
System memory in use before: 71.8 MB.
System memory in use after: 71.9 MB.

Unloading 11 unused Assets to reduce memory usage. Loaded Objects now: 2048.
Total: 2.716800 ms (FindLiveObjects: 0.273300 ms CreateObjectMapping: 0.050500 ms MarkObjects: 2.320100 ms  DeleteObjects: 0.071600 ms)

========================================================================
Received Prepare
Registering precompiled user dll's ...
Registered in 0.002170 seconds.
Begin MonoManager ReloadAssembly
Native extension for WindowsStandalone target not found
Native extension for WebGL target not found
Refreshing native plugins compatible for Editor in 0.39 ms, found 0 plugins.
Preloading 0 native plugins for Editor in 0.00 ms.
Mono: successfully reloaded assembly
- Completed reload, in  1.080 seconds
Platform modules already initialized, skipping
Refreshing native plugins compatible for Editor in 0.39 ms, found 0 plugins.
Preloading 0 native plugins for Editor in 0.00 ms.
Unloading 1530 Unused Serialized files (Serialized files now loaded: 0)
System memory in use before: 71.8 MB.
System memory in use after: 71.9 MB.

Unloading 11 unused Assets to reduce memory usage. Loaded Objects now: 2052.
Total: 2.365900 ms (FindLiveObjects: 0.276500 ms CreateObjectMapping: 0.050500 ms MarkObjects: 1.963300 ms  DeleteObjects: 0.073600 ms)

========================================================================
Received Prepare
Registering precompiled user dll's ...
Registered in 0.002157 seconds.
Begin MonoManager ReloadAssembly
Native extension for WindowsStandalone target not found
Native extension for WebGL target not found
Refreshing native plugins compatible for Editor in 0.42 ms, found 0 plugins.
Preloading 0 native plugins for Editor in 0.00 ms.
Mono: successfully reloaded assembly
- Completed reload, in  1.104 seconds
Platform modules already initialized, skipping
Refreshing native plugins compatible for Editor in 0.40 ms, found 0 plugins.
Preloading 0 native plugins for Editor in 0.00 ms.
Unloading 1530 Unused Serialized files (Serialized files now loaded: 0)
System memory in use before: 71.8 MB.
System memory in use after: 71.9 MB.

Unloading 11 unused Assets to reduce memory usage. Loaded Objects now: 2056.
Total: 2.976000 ms (FindLiveObjects: 0.481300 ms CreateObjectMapping: 0.062400 ms MarkObjects: 2.344300 ms  DeleteObjects: 0.085600 ms)

========================================================================
Received Prepare
Registering precompiled user dll's ...
Registered in 0.002182 seconds.
Begin MonoManager ReloadAssembly
Native extension for WindowsStandalone target not found
Native extension for WebGL target not found
Refreshing native plugins compatible for Editor in 0.39 ms, found 0 plugins.
Preloading 0 native plugins for Editor in 0.00 ms.
Mono: successfully reloaded assembly
- Completed reload, in  1.051 seconds
Platform modules already initialized, skipping
Refreshing native plugins compatible for Editor in 0.40 ms, found 0 plugins.
Preloading 0 native plugins for Editor in 0.00 ms.
Unloading 1530 Unused Serialized files (Serialized files now loaded: 0)
System memory in use before: 71.9 MB.
System memory in use after: 71.9 MB.

Unloading 11 unused Assets to reduce memory usage. Loaded Objects now: 2060.
Total: 2.207700 ms (FindLiveObjects: 0.224300 ms CreateObjectMapping: 0.052700 ms MarkObjects: 1.865300 ms  DeleteObjects: 0.064100 ms)

========================================================================
Received Prepare
Registering precompiled user dll's ...
Registered in 0.002170 seconds.
Begin MonoManager ReloadAssembly
Native extension for WindowsStandalone target not found
Native extension for WebGL target not found
Refreshing native plugins compatible for Editor in 0.38 ms, found 0 plugins.
Preloading 0 native plugins for Editor in 0.00 ms.
Mono: successfully reloaded assembly
- Completed reload, in  1.015 seconds
Platform modules already initialized, skipping
Refreshing native plugins compatible for Editor in 0.38 ms, found 0 plugins.
Preloading 0 native plugins for Editor in 0.00 ms.
Unloading 1530 Unused Serialized files (Serialized files now loaded: 0)
System memory in use before: 71.9 MB.
System memory in use after: 71.9 MB.

Unloading 11 unused Assets to reduce memory usage. Loaded Objects now: 2064.
Total: 2.763900 ms (FindLiveObjects: 0.341800 ms CreateObjectMapping: 0.052700 ms MarkObjects: 2.287600 ms  DeleteObjects: 0.079800 ms)

========================================================================
Received Prepare
Registering precompiled user dll's ...
Registered in 0.002146 seconds.
Begin MonoManager ReloadAssembly
Native extension for WindowsStandalone target not found
Native extension for WebGL target not found
Refreshing native plugins compatible for Editor in 0.48 ms, found 0 plugins.
Preloading 0 native plugins for Editor in 0.00 ms.
Mono: successfully reloaded assembly
- Completed reload, in  1.108 seconds
Platform modules already initialized, skipping
Refreshing native plugins compatible for Editor in 0.46 ms, found 0 plugins.
Preloading 0 native plugins for Editor in 0.00 ms.
Unloading 1530 Unused Serialized files (Serialized files now loaded: 0)
System memory in use before: 71.9 MB.
System memory in use after: 72.0 MB.

Unloading 11 unused Assets to reduce memory usage. Loaded Objects now: 2068.
Total: 2.505900 ms (FindLiveObjects: 0.290700 ms CreateObjectMapping: 0.049700 ms MarkObjects: 2.081000 ms  DeleteObjects: 0.083000 ms)

========================================================================
Received Prepare
Registering precompiled user dll's ...
Registered in 0.002117 seconds.
Begin MonoManager ReloadAssembly
Native extension for WindowsStandalone target not found
Native extension for WebGL target not found
Refreshing native plugins compatible for Editor in 0.40 ms, found 0 plugins.
Preloading 0 native plugins for Editor in 0.00 ms.
Mono: successfully reloaded assembly
- Completed reload, in  1.025 seconds
Platform modules already initialized, skipping
Refreshing native plugins compatible for Editor in 0.38 ms, found 0 plugins.
Preloading 0 native plugins for Editor in 0.00 ms.
Unloading 1530 Unused Serialized files (Serialized files now loaded: 0)
System memory in use before: 71.9 MB.
System memory in use after: 72.0 MB.

Unloading 11 unused Assets to reduce memory usage. Loaded Objects now: 2072.
Total: 2.336400 ms (FindLiveObjects: 0.283600 ms CreateObjectMapping: 0.050900 ms MarkObjects: 1.933900 ms  DeleteObjects: 0.066400 ms)

========================================================================
Received Prepare
Registering precompiled user dll's ...
Registered in 0.002359 seconds.
Begin MonoManager ReloadAssembly
Native extension for WindowsStandalone target not found
Native extension for WebGL target not found
Refreshing native plugins compatible for Editor in 0.38 ms, found 0 plugins.
Preloading 0 native plugins for Editor in 0.00 ms.
Mono: successfully reloaded assembly
- Completed reload, in  1.037 seconds
Platform modules already initialized, skipping
Refreshing native plugins compatible for Editor in 0.38 ms, found 0 plugins.
Preloading 0 native plugins for Editor in 0.00 ms.
Unloading 1530 Unused Serialized files (Serialized files now loaded: 0)
System memory in use before: 71.9 MB.
System memory in use after: 72.0 MB.

Unloading 11 unused Assets to reduce memory usage. Loaded Objects now: 2076.
Total: 2.290300 ms (FindLiveObjects: 0.221600 ms CreateObjectMapping: 0.055900 ms MarkObjects: 1.945500 ms  DeleteObjects: 0.066300 ms)

========================================================================
Received Prepare
Registering precompiled user dll's ...
Registered in 0.002259 seconds.
Begin MonoManager ReloadAssembly
Native extension for WindowsStandalone target not found
Native extension for WebGL target not found
Refreshing native plugins compatible for Editor in 0.48 ms, found 0 plugins.
Preloading 0 native plugins for Editor in 0.00 ms.
Mono: successfully reloaded assembly
- Completed reload, in  1.035 seconds
Platform modules already initialized, skipping
Refreshing native plugins compatible for Editor in 0.38 ms, found 0 plugins.
Preloading 0 native plugins for Editor in 0.00 ms.
Unloading 1530 Unused Serialized files (Serialized files now loaded: 0)
System memory in use before: 71.9 MB.
System memory in use after: 72.0 MB.

Unloading 11 unused Assets to reduce memory usage. Loaded Objects now: 2080.
Total: 2.481600 ms (FindLiveObjects: 0.287500 ms CreateObjectMapping: 0.051600 ms MarkObjects: 2.065900 ms  DeleteObjects: 0.075100 ms)

========================================================================
Received Import Request.
  Time since last request: 451.464250 seconds.
  path: Assets/Scenes/RaceScene.unity
  artifactKey: Guid(2b62bcac4bf0ae14885addad39af499b) Importer(815301076,1909f56bfc062723c751e8b465ee728b)
Start importing Assets/Scenes/RaceScene.unity using Guid(2b62bcac4bf0ae14885addad39af499b) Importer(815301076,1909f56bfc062723c751e8b465ee728b)  -> (artifact id: '88468b1be88758aeeee109e17a64c9ab') in 0.015494 seconds
  Import took 0.152378 seconds .

========================================================================
Received Prepare
Registering precompiled user dll's ...
Registered in 0.002113 seconds.
Begin MonoManager ReloadAssembly
Native extension for WindowsStandalone target not found
Native extension for WebGL target not found
Refreshing native plugins compatible for Editor in 1.25 ms, found 0 plugins.
Preloading 0 native plugins for Editor in 0.00 ms.
Mono: successfully reloaded assembly
- Completed reload, in  1.323 seconds
Platform modules already initialized, skipping
Refreshing native plugins compatible for Editor in 0.39 ms, found 0 plugins.
Preloading 0 native plugins for Editor in 0.00 ms.
Unloading 1530 Unused Serialized files (Serialized files now loaded: 0)
System memory in use before: 71.9 MB.
System memory in use after: 72.0 MB.

Unloading 11 unused Assets to reduce memory usage. Loaded Objects now: 2084.
Total: 2.769100 ms (FindLiveObjects: 0.314500 ms CreateObjectMapping: 0.049600 ms MarkObjects: 2.319100 ms  DeleteObjects: 0.083900 ms)

========================================================================
Received Prepare
Refreshing native plugins compatible for Editor in 1.73 ms, found 0 plugins.
Preloading 0 native plugins for Editor in 0.00 ms.
Unloading 8 Unused Serialized files (Serialized files now loaded: 0)
System memory in use before: 41.7 MB.
System memory in use after: 41.8 MB.

Unloading 8 unused Assets to reduce memory usage. Loaded Objects now: 2084.
Total: 2.599400 ms (FindLiveObjects: 0.251500 ms CreateObjectMapping: 0.048200 ms MarkObjects: 2.222700 ms  DeleteObjects: 0.075700 ms)

AssetImportWorkerClient::OnTransportError - code=2 error=End of file
